[0.059s] Invoking command in '/home/tejas/delivery_robot_ws/build/delivery_robot_navigation': CMAKE_PREFIX_PATH=${CMAKE_PREFIX_PATH}:/opt/ros/humble /usr/bin/cmake /home/tejas/delivery_robot_ws/src/delivery_robot_navigation -DCMAKE_INSTALL_PREFIX=/home/tejas/delivery_robot_ws/install/delivery_robot_navigation
[0.207s] -- The C compiler identification is GNU 11.4.0
[0.342s] -- The CXX compiler identification is GNU 11.4.0
[0.360s] -- Detecting C compiler ABI info
[0.577s] -- Detecting C compiler ABI info - done
[0.591s] -- Check for working C compiler: /usr/bin/cc - skipped
[0.591s] -- Detecting C compile features
[0.592s] -- Detecting C compile features - done
[0.600s] -- Detecting CXX compiler ABI info
[0.841s] -- Detecting CXX compiler ABI info - done
[0.865s] -- Check for working CXX compiler: /usr/bin/c++ - skipped
[0.865s] -- Detecting CXX compile features
[0.865s] -- Detecting CXX compile features - done
[0.884s] -- Found ament_cmake: 1.3.12 (/opt/ros/humble/share/ament_cmake/cmake)
[1.195s] -- Found Python3: /usr/bin/python3 (found version "3.10.12") found components: Interpreter 
[1.377s] -- Found ament_lint_auto: 0.12.14 (/opt/ros/humble/share/ament_lint_auto/cmake)
[1.528s] -- Added test 'flake8' to check Python code syntax and style conventions
[1.529s] -- Added test 'lint_cmake' to check CMake code style
[1.531s] -- Added test 'pep257' to check Python code against some of the docstring style conventions in PEP 257
[1.536s] -- Added test 'xmllint' to check XML markup files
[1.538s] -- Configuring done
[1.545s] -- Generating done
[1.550s] -- Build files have been written to: /home/tejas/delivery_robot_ws/build/delivery_robot_navigation
[1.565s] Invoked command in '/home/tejas/delivery_robot_ws/build/delivery_robot_navigation' returned '0': CMAKE_PREFIX_PATH=${CMAKE_PREFIX_PATH}:/opt/ros/humble /usr/bin/cmake /home/tejas/delivery_robot_ws/src/delivery_robot_navigation -DCMAKE_INSTALL_PREFIX=/home/tejas/delivery_robot_ws/install/delivery_robot_navigation
[1.565s] Invoking command in '/home/tejas/delivery_robot_ws/build/delivery_robot_navigation': CMAKE_PREFIX_PATH=${CMAKE_PREFIX_PATH}:/opt/ros/humble /usr/bin/cmake --build /home/tejas/delivery_robot_ws/build/delivery_robot_navigation -- -j4 -l4
[1.655s] Invoked command in '/home/tejas/delivery_robot_ws/build/delivery_robot_navigation' returned '0': CMAKE_PREFIX_PATH=${CMAKE_PREFIX_PATH}:/opt/ros/humble /usr/bin/cmake --build /home/tejas/delivery_robot_ws/build/delivery_robot_navigation -- -j4 -l4
[1.686s] Invoking command in '/home/tejas/delivery_robot_ws/build/delivery_robot_navigation': CMAKE_PREFIX_PATH=${CMAKE_PREFIX_PATH}:/opt/ros/humble /usr/bin/cmake --install /home/tejas/delivery_robot_ws/build/delivery_robot_navigation
[1.703s] -- Install configuration: ""
[1.703s] -- Installing: /home/tejas/delivery_robot_ws/install/delivery_robot_navigation/share/ament_index/resource_index/package_run_dependencies/delivery_robot_navigation
[1.704s] -- Installing: /home/tejas/delivery_robot_ws/install/delivery_robot_navigation/share/ament_index/resource_index/parent_prefix_path/delivery_robot_navigation
[1.704s] -- Installing: /home/tejas/delivery_robot_ws/install/delivery_robot_navigation/share/delivery_robot_navigation/environment/ament_prefix_path.sh
[1.704s] -- Installing: /home/tejas/delivery_robot_ws/install/delivery_robot_navigation/share/delivery_robot_navigation/environment/ament_prefix_path.dsv
[1.705s] -- Installing: /home/tejas/delivery_robot_ws/install/delivery_robot_navigation/share/delivery_robot_navigation/environment/path.sh
[1.705s] -- Installing: /home/tejas/delivery_robot_ws/install/delivery_robot_navigation/share/delivery_robot_navigation/environment/path.dsv
[1.706s] -- Installing: /home/tejas/delivery_robot_ws/install/delivery_robot_navigation/share/delivery_robot_navigation/local_setup.bash
[1.706s] -- Installing: /home/tejas/delivery_robot_ws/install/delivery_robot_navigation/share/delivery_robot_navigation/local_setup.sh
[1.707s] -- Installing: /home/tejas/delivery_robot_ws/install/delivery_robot_navigation/share/delivery_robot_navigation/local_setup.zsh
[1.707s] -- Installing: /home/tejas/delivery_robot_ws/install/delivery_robot_navigation/share/delivery_robot_navigation/local_setup.dsv
[1.707s] -- Installing: /home/tejas/delivery_robot_ws/install/delivery_robot_navigation/share/delivery_robot_navigation/package.dsv
[1.708s] -- Installing: /home/tejas/delivery_robot_ws/install/delivery_robot_navigation/share/ament_index/resource_index/packages/delivery_robot_navigation
[1.708s] -- Installing: /home/tejas/delivery_robot_ws/install/delivery_robot_navigation/share/delivery_robot_navigation/cmake/delivery_robot_navigationConfig.cmake
[1.709s] -- Installing: /home/tejas/delivery_robot_ws/install/delivery_robot_navigation/share/delivery_robot_navigation/cmake/delivery_robot_navigationConfig-version.cmake
[1.709s] -- Installing: /home/tejas/delivery_robot_ws/install/delivery_robot_navigation/share/delivery_robot_navigation/package.xml
[1.714s] Invoked command in '/home/tejas/delivery_robot_ws/build/delivery_robot_navigation' returned '0': CMAKE_PREFIX_PATH=${CMAKE_PREFIX_PATH}:/opt/ros/humble /usr/bin/cmake --install /home/tejas/delivery_robot_ws/build/delivery_robot_navigation
