[1.297s] DEBUG:colcon:Command line arguments: ['/usr/bin/colcon', 'build', '--symlink-install', '--parallel-workers', '4']
[1.297s] DEBUG:colcon:Parsed command line arguments: Namespace(log_base=None, log_level=None, verb_name='build', build_base='build', install_base='install', merge_install=False, symlink_install=True, test_result_base=None, continue_on_error=False, executor='parallel', parallel_workers=4, event_handlers=None, ignore_user_meta=False, metas=['./colcon.meta'], base_paths=['.'], packages_ignore=None, packages_ignore_regex=None, paths=None, packages_up_to=None, packages_up_to_regex=None, packages_above=None, packages_above_and_dependencies=None, packages_above_depth=None, packages_select_by_dep=None, packages_skip_by_dep=None, packages_skip_up_to=None, packages_select_build_failed=False, packages_skip_build_finished=False, packages_select_test_failures=False, packages_skip_test_passed=False, packages_select=None, packages_skip=None, packages_select_regex=None, packages_skip_regex=None, packages_start=None, packages_end=None, allow_overriding=[], cmake_args=None, cmake_target=None, cmake_target_skip_unavailable=False, cmake_clean_cache=False, cmake_clean_first=False, cmake_force_configure=False, ament_cmake_args=None, catkin_cmake_args=None, catkin_skip_building_tests=False, verb_parser=<colcon_defaults.argument_parser.defaults.DefaultArgumentsDecorator object at 0x7edd42f68b20>, verb_extension=<colcon_core.verb.build.BuildVerb object at 0x7edd4306df90>, main=<bound method BuildVerb.main of <colcon_core.verb.build.BuildVerb object at 0x7edd4306df90>>)
[1.999s] Level 1:colcon.colcon_core.package_discovery:discover_packages(colcon_meta) check parameters
[1.999s] Level 1:colcon.colcon_core.package_discovery:discover_packages(recursive) check parameters
[1.999s] Level 1:colcon.colcon_core.package_discovery:discover_packages(ignore) check parameters
[1.999s] Level 1:colcon.colcon_core.package_discovery:discover_packages(path) check parameters
[1.999s] Level 1:colcon.colcon_core.package_discovery:discover_packages(colcon_meta) discover
[1.999s] Level 1:colcon.colcon_core.package_discovery:discover_packages(recursive) discover
[2.000s] INFO:colcon.colcon_core.package_discovery:Crawling recursively for packages in '/home/tejas/delivery_robot_ws'
[2.000s] Level 1:colcon.colcon_core.package_identification:_identify(.) by extensions ['ignore', 'ignore_ament_install']
[2.000s] Level 1:colcon.colcon_core.package_identification:_identify(.) by extension 'ignore'
[2.000s] Level 1:colcon.colcon_core.package_identification:_identify(.) by extension 'ignore_ament_install'
[2.000s] Level 1:colcon.colcon_core.package_identification:_identify(.) by extensions ['colcon_pkg']
[2.000s] Level 1:colcon.colcon_core.package_identification:_identify(.) by extension 'colcon_pkg'
[2.001s] Level 1:colcon.colcon_core.package_identification:_identify(.) by extensions ['colcon_meta']
[2.001s] Level 1:colcon.colcon_core.package_identification:_identify(.) by extension 'colcon_meta'
[2.001s] Level 1:colcon.colcon_core.package_identification:_identify(.) by extensions ['ros']
[2.001s] Level 1:colcon.colcon_core.package_identification:_identify(.) by extension 'ros'
[2.024s] Level 1:colcon.colcon_core.package_identification:_identify(.) by extensions ['cmake', 'python']
[2.024s] Level 1:colcon.colcon_core.package_identification:_identify(.) by extension 'cmake'
[2.024s] Level 1:colcon.colcon_core.package_identification:_identify(.) by extension 'python'
[2.024s] Level 1:colcon.colcon_core.package_identification:_identify(.) by extensions ['python_setup_py']
[2.024s] Level 1:colcon.colcon_core.package_identification:_identify(.) by extension 'python_setup_py'
[2.024s] Level 1:colcon.colcon_core.package_identification:_identify(build) by extensions ['ignore', 'ignore_ament_install']
[2.024s] Level 1:colcon.colcon_core.package_identification:_identify(build) by extension 'ignore'
[2.024s] Level 1:colcon.colcon_core.package_identification:_identify(build) ignored
[2.025s] Level 1:colcon.colcon_core.package_identification:_identify(install) by extensions ['ignore', 'ignore_ament_install']
[2.025s] Level 1:colcon.colcon_core.package_identification:_identify(install) by extension 'ignore'
[2.025s] Level 1:colcon.colcon_core.package_identification:_identify(install) ignored
[2.026s] Level 1:colcon.colcon_core.package_identification:_identify(log) by extensions ['ignore', 'ignore_ament_install']
[2.026s] Level 1:colcon.colcon_core.package_identification:_identify(log) by extension 'ignore'
[2.026s] Level 1:colcon.colcon_core.package_identification:_identify(log) ignored
[2.026s] Level 1:colcon.colcon_core.package_identification:_identify(src) by extensions ['ignore', 'ignore_ament_install']
[2.026s] Level 1:colcon.colcon_core.package_identification:_identify(src) by extension 'ignore'
[2.026s] Level 1:colcon.colcon_core.package_identification:_identify(src) by extension 'ignore_ament_install'
[2.027s] Level 1:colcon.colcon_core.package_identification:_identify(src) by extensions ['colcon_pkg']
[2.027s] Level 1:colcon.colcon_core.package_identification:_identify(src) by extension 'colcon_pkg'
[2.027s] Level 1:colcon.colcon_core.package_identification:_identify(src) by extensions ['colcon_meta']
[2.027s] Level 1:colcon.colcon_core.package_identification:_identify(src) by extension 'colcon_meta'
[2.027s] Level 1:colcon.colcon_core.package_identification:_identify(src) by extensions ['ros']
[2.027s] Level 1:colcon.colcon_core.package_identification:_identify(src) by extension 'ros'
[2.027s] Level 1:colcon.colcon_core.package_identification:_identify(src) by extensions ['cmake', 'python']
[2.027s] Level 1:colcon.colcon_core.package_identification:_identify(src) by extension 'cmake'
[2.027s] Level 1:colcon.colcon_core.package_identification:_identify(src) by extension 'python'
[2.027s] Level 1:colcon.colcon_core.package_identification:_identify(src) by extensions ['python_setup_py']
[2.028s] Level 1:colcon.colcon_core.package_identification:_identify(src) by extension 'python_setup_py'
[2.028s] Level 1:colcon.colcon_core.package_identification:_identify(src/delivery_robot_core) by extensions ['ignore', 'ignore_ament_install']
[2.028s] Level 1:colcon.colcon_core.package_identification:_identify(src/delivery_robot_core) by extension 'ignore'
[2.028s] Level 1:colcon.colcon_core.package_identification:_identify(src/delivery_robot_core) by extension 'ignore_ament_install'
[2.028s] Level 1:colcon.colcon_core.package_identification:_identify(src/delivery_robot_core) by extensions ['colcon_pkg']
[2.028s] Level 1:colcon.colcon_core.package_identification:_identify(src/delivery_robot_core) by extension 'colcon_pkg'
[2.028s] Level 1:colcon.colcon_core.package_identification:_identify(src/delivery_robot_core) by extensions ['colcon_meta']
[2.028s] Level 1:colcon.colcon_core.package_identification:_identify(src/delivery_robot_core) by extension 'colcon_meta'
[2.029s] Level 1:colcon.colcon_core.package_identification:_identify(src/delivery_robot_core) by extensions ['ros']
[2.029s] Level 1:colcon.colcon_core.package_identification:_identify(src/delivery_robot_core) by extension 'ros'
[2.034s] DEBUG:colcon.colcon_core.package_identification:Package 'src/delivery_robot_core' with type 'ros.ament_cmake' and name 'delivery_robot_core'
[2.035s] Level 1:colcon.colcon_core.package_identification:_identify(src/delivery_robot_description) by extensions ['ignore', 'ignore_ament_install']
[2.035s] Level 1:colcon.colcon_core.package_identification:_identify(src/delivery_robot_description) by extension 'ignore'
[2.036s] Level 1:colcon.colcon_core.package_identification:_identify(src/delivery_robot_description) by extension 'ignore_ament_install'
[2.036s] Level 1:colcon.colcon_core.package_identification:_identify(src/delivery_robot_description) by extensions ['colcon_pkg']
[2.036s] Level 1:colcon.colcon_core.package_identification:_identify(src/delivery_robot_description) by extension 'colcon_pkg'
[2.036s] Level 1:colcon.colcon_core.package_identification:_identify(src/delivery_robot_description) by extensions ['colcon_meta']
[2.036s] Level 1:colcon.colcon_core.package_identification:_identify(src/delivery_robot_description) by extension 'colcon_meta'
[2.037s] Level 1:colcon.colcon_core.package_identification:_identify(src/delivery_robot_description) by extensions ['ros']
[2.037s] Level 1:colcon.colcon_core.package_identification:_identify(src/delivery_robot_description) by extension 'ros'
[2.038s] DEBUG:colcon.colcon_core.package_identification:Package 'src/delivery_robot_description' with type 'ros.ament_cmake' and name 'delivery_robot_description'
[2.038s] Level 1:colcon.colcon_core.package_identification:_identify(src/delivery_robot_navigation) by extensions ['ignore', 'ignore_ament_install']
[2.038s] Level 1:colcon.colcon_core.package_identification:_identify(src/delivery_robot_navigation) by extension 'ignore'
[2.038s] Level 1:colcon.colcon_core.package_identification:_identify(src/delivery_robot_navigation) by extension 'ignore_ament_install'
[2.038s] Level 1:colcon.colcon_core.package_identification:_identify(src/delivery_robot_navigation) by extensions ['colcon_pkg']
[2.038s] Level 1:colcon.colcon_core.package_identification:_identify(src/delivery_robot_navigation) by extension 'colcon_pkg'
[2.038s] Level 1:colcon.colcon_core.package_identification:_identify(src/delivery_robot_navigation) by extensions ['colcon_meta']
[2.038s] Level 1:colcon.colcon_core.package_identification:_identify(src/delivery_robot_navigation) by extension 'colcon_meta'
[2.039s] Level 1:colcon.colcon_core.package_identification:_identify(src/delivery_robot_navigation) by extensions ['ros']
[2.039s] Level 1:colcon.colcon_core.package_identification:_identify(src/delivery_robot_navigation) by extension 'ros'
[2.040s] DEBUG:colcon.colcon_core.package_identification:Package 'src/delivery_robot_navigation' with type 'ros.ament_cmake' and name 'delivery_robot_navigation'
[2.040s] Level 1:colcon.colcon_core.package_identification:_identify(src/delivery_robot_perception) by extensions ['ignore', 'ignore_ament_install']
[2.040s] Level 1:colcon.colcon_core.package_identification:_identify(src/delivery_robot_perception) by extension 'ignore'
[2.040s] Level 1:colcon.colcon_core.package_identification:_identify(src/delivery_robot_perception) by extension 'ignore_ament_install'
[2.041s] Level 1:colcon.colcon_core.package_identification:_identify(src/delivery_robot_perception) by extensions ['colcon_pkg']
[2.041s] Level 1:colcon.colcon_core.package_identification:_identify(src/delivery_robot_perception) by extension 'colcon_pkg'
[2.041s] Level 1:colcon.colcon_core.package_identification:_identify(src/delivery_robot_perception) by extensions ['colcon_meta']
[2.041s] Level 1:colcon.colcon_core.package_identification:_identify(src/delivery_robot_perception) by extension 'colcon_meta'
[2.041s] Level 1:colcon.colcon_core.package_identification:_identify(src/delivery_robot_perception) by extensions ['ros']
[2.041s] Level 1:colcon.colcon_core.package_identification:_identify(src/delivery_robot_perception) by extension 'ros'
[2.043s] DEBUG:colcon.colcon_core.package_identification:Package 'src/delivery_robot_perception' with type 'ros.ament_cmake' and name 'delivery_robot_perception'
[2.043s] Level 1:colcon.colcon_core.package_discovery:discover_packages(recursive) using defaults
[2.043s] Level 1:colcon.colcon_core.package_discovery:discover_packages(ignore) discover
[2.044s] Level 1:colcon.colcon_core.package_discovery:discover_packages(ignore) using defaults
[2.044s] Level 1:colcon.colcon_core.package_discovery:discover_packages(path) discover
[2.044s] Level 1:colcon.colcon_core.package_discovery:discover_packages(path) using defaults
[2.200s] Level 1:colcon.colcon_core.package_discovery:discover_packages(prefix_path) check parameters
[2.200s] Level 1:colcon.colcon_core.package_discovery:discover_packages(prefix_path) discover
[2.222s] DEBUG:colcon.colcon_installed_package_information.package_discovery:Found 1 installed packages in /home/tejas/ros2_ws/install
[2.227s] DEBUG:colcon.colcon_installed_package_information.package_discovery:Found 481 installed packages in /opt/ros/humble
[2.232s] Level 1:colcon.colcon_core.package_discovery:discover_packages(prefix_path) using defaults
[2.365s] Level 5:colcon.colcon_core.verb:set package 'delivery_robot_description' build argument 'cmake_args' from command line to 'None'
[2.365s] Level 5:colcon.colcon_core.verb:set package 'delivery_robot_description' build argument 'cmake_target' from command line to 'None'
[2.365s] Level 5:colcon.colcon_core.verb:set package 'delivery_robot_description' build argument 'cmake_target_skip_unavailable' from command line to 'False'
[2.365s] Level 5:colcon.colcon_core.verb:set package 'delivery_robot_description' build argument 'cmake_clean_cache' from command line to 'False'
[2.365s] Level 5:colcon.colcon_core.verb:set package 'delivery_robot_description' build argument 'cmake_clean_first' from command line to 'False'
[2.365s] Level 5:colcon.colcon_core.verb:set package 'delivery_robot_description' build argument 'cmake_force_configure' from command line to 'False'
[2.365s] Level 5:colcon.colcon_core.verb:set package 'delivery_robot_description' build argument 'ament_cmake_args' from command line to 'None'
[2.365s] Level 5:colcon.colcon_core.verb:set package 'delivery_robot_description' build argument 'catkin_cmake_args' from command line to 'None'
[2.365s] Level 5:colcon.colcon_core.verb:set package 'delivery_robot_description' build argument 'catkin_skip_building_tests' from command line to 'False'
[2.365s] DEBUG:colcon.colcon_core.verb:Building package 'delivery_robot_description' with the following arguments: {'ament_cmake_args': None, 'build_base': '/home/tejas/delivery_robot_ws/build/delivery_robot_description', 'catkin_cmake_args': None, 'catkin_skip_building_tests': False, 'cmake_args': None, 'cmake_clean_cache': False, 'cmake_clean_first': False, 'cmake_force_configure': False, 'cmake_target': None, 'cmake_target_skip_unavailable': False, 'install_base': '/home/tejas/delivery_robot_ws/install/delivery_robot_description', 'merge_install': False, 'path': '/home/tejas/delivery_robot_ws/src/delivery_robot_description', 'symlink_install': True, 'test_result_base': None}
[2.366s] Level 5:colcon.colcon_core.verb:set package 'delivery_robot_navigation' build argument 'cmake_args' from command line to 'None'
[2.366s] Level 5:colcon.colcon_core.verb:set package 'delivery_robot_navigation' build argument 'cmake_target' from command line to 'None'
[2.366s] Level 5:colcon.colcon_core.verb:set package 'delivery_robot_navigation' build argument 'cmake_target_skip_unavailable' from command line to 'False'
[2.366s] Level 5:colcon.colcon_core.verb:set package 'delivery_robot_navigation' build argument 'cmake_clean_cache' from command line to 'False'
[2.366s] Level 5:colcon.colcon_core.verb:set package 'delivery_robot_navigation' build argument 'cmake_clean_first' from command line to 'False'
[2.366s] Level 5:colcon.colcon_core.verb:set package 'delivery_robot_navigation' build argument 'cmake_force_configure' from command line to 'False'
[2.366s] Level 5:colcon.colcon_core.verb:set package 'delivery_robot_navigation' build argument 'ament_cmake_args' from command line to 'None'
[2.366s] Level 5:colcon.colcon_core.verb:set package 'delivery_robot_navigation' build argument 'catkin_cmake_args' from command line to 'None'
[2.366s] Level 5:colcon.colcon_core.verb:set package 'delivery_robot_navigation' build argument 'catkin_skip_building_tests' from command line to 'False'
[2.366s] DEBUG:colcon.colcon_core.verb:Building package 'delivery_robot_navigation' with the following arguments: {'ament_cmake_args': None, 'build_base': '/home/tejas/delivery_robot_ws/build/delivery_robot_navigation', 'catkin_cmake_args': None, 'catkin_skip_building_tests': False, 'cmake_args': None, 'cmake_clean_cache': False, 'cmake_clean_first': False, 'cmake_force_configure': False, 'cmake_target': None, 'cmake_target_skip_unavailable': False, 'install_base': '/home/tejas/delivery_robot_ws/install/delivery_robot_navigation', 'merge_install': False, 'path': '/home/tejas/delivery_robot_ws/src/delivery_robot_navigation', 'symlink_install': True, 'test_result_base': None}
[2.367s] Level 5:colcon.colcon_core.verb:set package 'delivery_robot_perception' build argument 'cmake_args' from command line to 'None'
[2.367s] Level 5:colcon.colcon_core.verb:set package 'delivery_robot_perception' build argument 'cmake_target' from command line to 'None'
[2.367s] Level 5:colcon.colcon_core.verb:set package 'delivery_robot_perception' build argument 'cmake_target_skip_unavailable' from command line to 'False'
[2.367s] Level 5:colcon.colcon_core.verb:set package 'delivery_robot_perception' build argument 'cmake_clean_cache' from command line to 'False'
[2.367s] Level 5:colcon.colcon_core.verb:set package 'delivery_robot_perception' build argument 'cmake_clean_first' from command line to 'False'
[2.367s] Level 5:colcon.colcon_core.verb:set package 'delivery_robot_perception' build argument 'cmake_force_configure' from command line to 'False'
[2.367s] Level 5:colcon.colcon_core.verb:set package 'delivery_robot_perception' build argument 'ament_cmake_args' from command line to 'None'
[2.368s] Level 5:colcon.colcon_core.verb:set package 'delivery_robot_perception' build argument 'catkin_cmake_args' from command line to 'None'
[2.368s] Level 5:colcon.colcon_core.verb:set package 'delivery_robot_perception' build argument 'catkin_skip_building_tests' from command line to 'False'
[2.368s] DEBUG:colcon.colcon_core.verb:Building package 'delivery_robot_perception' with the following arguments: {'ament_cmake_args': None, 'build_base': '/home/tejas/delivery_robot_ws/build/delivery_robot_perception', 'catkin_cmake_args': None, 'catkin_skip_building_tests': False, 'cmake_args': None, 'cmake_clean_cache': False, 'cmake_clean_first': False, 'cmake_force_configure': False, 'cmake_target': None, 'cmake_target_skip_unavailable': False, 'install_base': '/home/tejas/delivery_robot_ws/install/delivery_robot_perception', 'merge_install': False, 'path': '/home/tejas/delivery_robot_ws/src/delivery_robot_perception', 'symlink_install': True, 'test_result_base': None}
[2.368s] Level 5:colcon.colcon_core.verb:set package 'delivery_robot_core' build argument 'cmake_args' from command line to 'None'
[2.368s] Level 5:colcon.colcon_core.verb:set package 'delivery_robot_core' build argument 'cmake_target' from command line to 'None'
[2.368s] Level 5:colcon.colcon_core.verb:set package 'delivery_robot_core' build argument 'cmake_target_skip_unavailable' from command line to 'False'
[2.368s] Level 5:colcon.colcon_core.verb:set package 'delivery_robot_core' build argument 'cmake_clean_cache' from command line to 'False'
[2.368s] Level 5:colcon.colcon_core.verb:set package 'delivery_robot_core' build argument 'cmake_clean_first' from command line to 'False'
[2.368s] Level 5:colcon.colcon_core.verb:set package 'delivery_robot_core' build argument 'cmake_force_configure' from command line to 'False'
[2.368s] Level 5:colcon.colcon_core.verb:set package 'delivery_robot_core' build argument 'ament_cmake_args' from command line to 'None'
[2.368s] Level 5:colcon.colcon_core.verb:set package 'delivery_robot_core' build argument 'catkin_cmake_args' from command line to 'None'
[2.368s] Level 5:colcon.colcon_core.verb:set package 'delivery_robot_core' build argument 'catkin_skip_building_tests' from command line to 'False'
[2.369s] DEBUG:colcon.colcon_core.verb:Building package 'delivery_robot_core' with the following arguments: {'ament_cmake_args': None, 'build_base': '/home/tejas/delivery_robot_ws/build/delivery_robot_core', 'catkin_cmake_args': None, 'catkin_skip_building_tests': False, 'cmake_args': None, 'cmake_clean_cache': False, 'cmake_clean_first': False, 'cmake_force_configure': False, 'cmake_target': None, 'cmake_target_skip_unavailable': False, 'install_base': '/home/tejas/delivery_robot_ws/install/delivery_robot_core', 'merge_install': False, 'path': '/home/tejas/delivery_robot_ws/src/delivery_robot_core', 'symlink_install': True, 'test_result_base': None}
[2.369s] INFO:colcon.colcon_core.executor:Executing jobs using 'parallel' executor
[2.373s] DEBUG:colcon.colcon_parallel_executor.executor.parallel:run_until_complete
[2.377s] INFO:colcon.colcon_ros.task.ament_cmake.build:Building ROS package in '/home/tejas/delivery_robot_ws/src/delivery_robot_perception' with build type 'ament_cmake'
[2.378s] INFO:colcon.colcon_cmake.task.cmake.build:Building CMake package in '/home/tejas/delivery_robot_ws/src/delivery_robot_perception'
[2.422s] INFO:colcon.colcon_core.plugin_system:Skipping extension 'colcon_core.shell.bat': Not used on non-Windows systems
[2.423s] INFO:colcon.colcon_core.shell:Skip shell extension 'powershell' for command environment: Not usable outside of PowerShell
[2.423s] DEBUG:colcon.colcon_core.shell:Skip shell extension 'dsv' for command environment
[2.442s] INFO:colcon.colcon_ros.task.ament_cmake.build:Building ROS package in '/home/tejas/delivery_robot_ws/src/delivery_robot_description' with build type 'ament_cmake'
[2.442s] INFO:colcon.colcon_cmake.task.cmake.build:Building CMake package in '/home/tejas/delivery_robot_ws/src/delivery_robot_description'
[2.444s] INFO:colcon.colcon_core.shell:Skip shell extension 'powershell' for command environment: Not usable outside of PowerShell
[2.445s] DEBUG:colcon.colcon_core.shell:Skip shell extension 'dsv' for command environment
[2.461s] INFO:colcon.colcon_ros.task.ament_cmake.build:Building ROS package in '/home/tejas/delivery_robot_ws/src/delivery_robot_navigation' with build type 'ament_cmake'
[2.461s] INFO:colcon.colcon_cmake.task.cmake.build:Building CMake package in '/home/tejas/delivery_robot_ws/src/delivery_robot_navigation'
[2.462s] INFO:colcon.colcon_core.shell:Skip shell extension 'powershell' for command environment: Not usable outside of PowerShell
[2.463s] DEBUG:colcon.colcon_core.shell:Skip shell extension 'dsv' for command environment
[2.516s] DEBUG:colcon.colcon_core.event_handler.log_command:Invoking command in '/home/tejas/delivery_robot_ws/build/delivery_robot_perception': CMAKE_PREFIX_PATH=${CMAKE_PREFIX_PATH}:/opt/ros/humble /usr/bin/cmake /home/tejas/delivery_robot_ws/src/delivery_robot_perception -DAMENT_CMAKE_SYMLINK_INSTALL=1 -DCMAKE_INSTALL_PREFIX=/home/tejas/delivery_robot_ws/install/delivery_robot_perception
[2.592s] DEBUG:colcon.colcon_core.event_handler.log_command:Invoking command in '/home/tejas/delivery_robot_ws/build/delivery_robot_description': CMAKE_PREFIX_PATH=${CMAKE_PREFIX_PATH}:/opt/ros/humble /usr/bin/cmake /home/tejas/delivery_robot_ws/src/delivery_robot_description -DAMENT_CMAKE_SYMLINK_INSTALL=1 -DCMAKE_INSTALL_PREFIX=/home/tejas/delivery_robot_ws/install/delivery_robot_description
[2.612s] DEBUG:colcon.colcon_core.event_handler.log_command:Invoking command in '/home/tejas/delivery_robot_ws/build/delivery_robot_navigation': CMAKE_PREFIX_PATH=${CMAKE_PREFIX_PATH}:/opt/ros/humble /usr/bin/cmake /home/tejas/delivery_robot_ws/src/delivery_robot_navigation -DAMENT_CMAKE_SYMLINK_INSTALL=1 -DCMAKE_INSTALL_PREFIX=/home/tejas/delivery_robot_ws/install/delivery_robot_navigation
[4.348s] DEBUG:colcon.colcon_core.event_handler.log_command:Invoked command in '/home/tejas/delivery_robot_ws/build/delivery_robot_navigation' returned '0': CMAKE_PREFIX_PATH=${CMAKE_PREFIX_PATH}:/opt/ros/humble /usr/bin/cmake /home/tejas/delivery_robot_ws/src/delivery_robot_navigation -DAMENT_CMAKE_SYMLINK_INSTALL=1 -DCMAKE_INSTALL_PREFIX=/home/tejas/delivery_robot_ws/install/delivery_robot_navigation
[4.357s] DEBUG:colcon.colcon_core.event_handler.log_command:Invoking command in '/home/tejas/delivery_robot_ws/build/delivery_robot_navigation': CMAKE_PREFIX_PATH=${CMAKE_PREFIX_PATH}:/opt/ros/humble /usr/bin/cmake --build /home/tejas/delivery_robot_ws/build/delivery_robot_navigation -- -j4 -l4
[4.369s] DEBUG:colcon.colcon_core.event_handler.log_command:Invoked command in '/home/tejas/delivery_robot_ws/build/delivery_robot_description' returned '0': CMAKE_PREFIX_PATH=${CMAKE_PREFIX_PATH}:/opt/ros/humble /usr/bin/cmake /home/tejas/delivery_robot_ws/src/delivery_robot_description -DAMENT_CMAKE_SYMLINK_INSTALL=1 -DCMAKE_INSTALL_PREFIX=/home/tejas/delivery_robot_ws/install/delivery_robot_description
[4.378s] DEBUG:colcon.colcon_core.event_handler.log_command:Invoking command in '/home/tejas/delivery_robot_ws/build/delivery_robot_description': CMAKE_PREFIX_PATH=${CMAKE_PREFIX_PATH}:/opt/ros/humble /usr/bin/cmake --build /home/tejas/delivery_robot_ws/build/delivery_robot_description -- -j4 -l4
[4.544s] DEBUG:colcon.colcon_core.event_handler.log_command:Invoked command in '/home/tejas/delivery_robot_ws/build/delivery_robot_navigation' returned '0': CMAKE_PREFIX_PATH=${CMAKE_PREFIX_PATH}:/opt/ros/humble /usr/bin/cmake --build /home/tejas/delivery_robot_ws/build/delivery_robot_navigation -- -j4 -l4
[4.599s] DEBUG:colcon.colcon_core.event_handler.log_command:Invoking command in '/home/tejas/delivery_robot_ws/build/delivery_robot_navigation': CMAKE_PREFIX_PATH=${CMAKE_PREFIX_PATH}:/opt/ros/humble /usr/bin/cmake --install /home/tejas/delivery_robot_ws/build/delivery_robot_navigation
[4.611s] DEBUG:colcon.colcon_core.event_handler.log_command:Invoked command in '/home/tejas/delivery_robot_ws/build/delivery_robot_description' returned '0': CMAKE_PREFIX_PATH=${CMAKE_PREFIX_PATH}:/opt/ros/humble /usr/bin/cmake --build /home/tejas/delivery_robot_ws/build/delivery_robot_description -- -j4 -l4
[4.614s] DEBUG:colcon.colcon_core.event_handler.log_command:Invoking command in '/home/tejas/delivery_robot_ws/build/delivery_robot_description': CMAKE_PREFIX_PATH=${CMAKE_PREFIX_PATH}:/opt/ros/humble /usr/bin/cmake --install /home/tejas/delivery_robot_ws/build/delivery_robot_description
[5.270s] Level 1:colcon.colcon_core.environment:create_environment_scripts_only(delivery_robot_navigation)
[5.272s] DEBUG:colcon.colcon_core.event_handler.log_command:Invoked command in '/home/tejas/delivery_robot_ws/build/delivery_robot_navigation' returned '0': CMAKE_PREFIX_PATH=${CMAKE_PREFIX_PATH}:/opt/ros/humble /usr/bin/cmake --install /home/tejas/delivery_robot_ws/build/delivery_robot_navigation
[5.310s] Level 1:colcon.colcon_core.environment:checking '/home/tejas/delivery_robot_ws/install/delivery_robot_navigation' for CMake module files
[5.311s] Level 1:colcon.colcon_core.environment:checking '/home/tejas/delivery_robot_ws/install/delivery_robot_navigation' for CMake config files
[5.313s] Level 1:colcon.colcon_core.shell:create_environment_hook('delivery_robot_navigation', 'cmake_prefix_path')
[5.313s] INFO:colcon.colcon_core.shell:Creating environment hook '/home/tejas/delivery_robot_ws/install/delivery_robot_navigation/share/delivery_robot_navigation/hook/cmake_prefix_path.ps1'
[5.321s] INFO:colcon.colcon_core.shell:Creating environment descriptor '/home/tejas/delivery_robot_ws/install/delivery_robot_navigation/share/delivery_robot_navigation/hook/cmake_prefix_path.dsv'
[5.326s] INFO:colcon.colcon_core.shell:Creating environment hook '/home/tejas/delivery_robot_ws/install/delivery_robot_navigation/share/delivery_robot_navigation/hook/cmake_prefix_path.sh'
[5.332s] Level 1:colcon.colcon_core.environment:checking '/home/tejas/delivery_robot_ws/install/delivery_robot_navigation/bin'
[5.332s] Level 1:colcon.colcon_core.environment:checking '/home/tejas/delivery_robot_ws/install/delivery_robot_navigation/lib/pkgconfig/delivery_robot_navigation.pc'
[5.333s] Level 1:colcon.colcon_core.environment:checking '/home/tejas/delivery_robot_ws/install/delivery_robot_navigation/lib/python3.10/site-packages'
[5.334s] Level 1:colcon.colcon_core.environment:checking '/home/tejas/delivery_robot_ws/install/delivery_robot_navigation/bin'
[5.335s] INFO:colcon.colcon_core.shell:Creating package script '/home/tejas/delivery_robot_ws/install/delivery_robot_navigation/share/delivery_robot_navigation/package.ps1'
[5.341s] INFO:colcon.colcon_core.shell:Creating package descriptor '/home/tejas/delivery_robot_ws/install/delivery_robot_navigation/share/delivery_robot_navigation/package.dsv'
[5.345s] INFO:colcon.colcon_core.shell:Creating package script '/home/tejas/delivery_robot_ws/install/delivery_robot_navigation/share/delivery_robot_navigation/package.sh'
[5.350s] INFO:colcon.colcon_core.shell:Creating package script '/home/tejas/delivery_robot_ws/install/delivery_robot_navigation/share/delivery_robot_navigation/package.bash'
[5.357s] INFO:colcon.colcon_core.shell:Creating package script '/home/tejas/delivery_robot_ws/install/delivery_robot_navigation/share/delivery_robot_navigation/package.zsh'
[5.365s] Level 1:colcon.colcon_core.environment:create_file_with_runtime_dependencies(/home/tejas/delivery_robot_ws/install/delivery_robot_navigation/share/colcon-core/packages/delivery_robot_navigation)
[5.373s] Level 1:colcon.colcon_core.environment:create_environment_scripts_only(delivery_robot_navigation)
[5.374s] Level 1:colcon.colcon_core.environment:checking '/home/tejas/delivery_robot_ws/install/delivery_robot_navigation' for CMake module files
[5.377s] Level 1:colcon.colcon_core.environment:checking '/home/tejas/delivery_robot_ws/install/delivery_robot_navigation' for CMake config files
[5.377s] Level 1:colcon.colcon_core.shell:create_environment_hook('delivery_robot_navigation', 'cmake_prefix_path')
[5.378s] INFO:colcon.colcon_core.shell:Creating environment hook '/home/tejas/delivery_robot_ws/install/delivery_robot_navigation/share/delivery_robot_navigation/hook/cmake_prefix_path.ps1'
[5.379s] INFO:colcon.colcon_core.shell:Creating environment descriptor '/home/tejas/delivery_robot_ws/install/delivery_robot_navigation/share/delivery_robot_navigation/hook/cmake_prefix_path.dsv'
[5.381s] INFO:colcon.colcon_core.shell:Creating environment hook '/home/tejas/delivery_robot_ws/install/delivery_robot_navigation/share/delivery_robot_navigation/hook/cmake_prefix_path.sh'
[5.385s] Level 1:colcon.colcon_core.environment:checking '/home/tejas/delivery_robot_ws/install/delivery_robot_navigation/bin'
[5.385s] Level 1:colcon.colcon_core.environment:checking '/home/tejas/delivery_robot_ws/install/delivery_robot_navigation/lib/pkgconfig/delivery_robot_navigation.pc'
[5.387s] Level 1:colcon.colcon_core.environment:checking '/home/tejas/delivery_robot_ws/install/delivery_robot_navigation/lib/python3.10/site-packages'
[5.388s] Level 1:colcon.colcon_core.environment:checking '/home/tejas/delivery_robot_ws/install/delivery_robot_navigation/bin'
[5.389s] INFO:colcon.colcon_core.shell:Creating package script '/home/tejas/delivery_robot_ws/install/delivery_robot_navigation/share/delivery_robot_navigation/package.ps1'
[5.391s] INFO:colcon.colcon_core.shell:Creating package descriptor '/home/tejas/delivery_robot_ws/install/delivery_robot_navigation/share/delivery_robot_navigation/package.dsv'
[5.393s] INFO:colcon.colcon_core.shell:Creating package script '/home/tejas/delivery_robot_ws/install/delivery_robot_navigation/share/delivery_robot_navigation/package.sh'
[5.395s] INFO:colcon.colcon_core.shell:Creating package script '/home/tejas/delivery_robot_ws/install/delivery_robot_navigation/share/delivery_robot_navigation/package.bash'
[5.397s] INFO:colcon.colcon_core.shell:Creating package script '/home/tejas/delivery_robot_ws/install/delivery_robot_navigation/share/delivery_robot_navigation/package.zsh'
[5.399s] Level 1:colcon.colcon_core.environment:create_file_with_runtime_dependencies(/home/tejas/delivery_robot_ws/install/delivery_robot_navigation/share/colcon-core/packages/delivery_robot_navigation)
[5.414s] Level 1:colcon.colcon_core.environment:create_environment_scripts_only(delivery_robot_description)
[5.415s] Level 1:colcon.colcon_core.environment:checking '/home/tejas/delivery_robot_ws/install/delivery_robot_description' for CMake module files
[5.417s] DEBUG:colcon.colcon_core.event_handler.log_command:Invoked command in '/home/tejas/delivery_robot_ws/build/delivery_robot_description' returned '0': CMAKE_PREFIX_PATH=${CMAKE_PREFIX_PATH}:/opt/ros/humble /usr/bin/cmake --install /home/tejas/delivery_robot_ws/build/delivery_robot_description
[5.418s] Level 1:colcon.colcon_core.environment:checking '/home/tejas/delivery_robot_ws/install/delivery_robot_description' for CMake config files
[5.425s] Level 1:colcon.colcon_core.shell:create_environment_hook('delivery_robot_description', 'cmake_prefix_path')
[5.425s] INFO:colcon.colcon_core.shell:Creating environment hook '/home/tejas/delivery_robot_ws/install/delivery_robot_description/share/delivery_robot_description/hook/cmake_prefix_path.ps1'
[5.428s] INFO:colcon.colcon_core.shell:Creating environment descriptor '/home/tejas/delivery_robot_ws/install/delivery_robot_description/share/delivery_robot_description/hook/cmake_prefix_path.dsv'
[5.429s] INFO:colcon.colcon_core.shell:Creating environment hook '/home/tejas/delivery_robot_ws/install/delivery_robot_description/share/delivery_robot_description/hook/cmake_prefix_path.sh'
[5.431s] Level 1:colcon.colcon_core.environment:checking '/home/tejas/delivery_robot_ws/install/delivery_robot_description/bin'
[5.431s] Level 1:colcon.colcon_core.environment:checking '/home/tejas/delivery_robot_ws/install/delivery_robot_description/lib/pkgconfig/delivery_robot_description.pc'
[5.432s] Level 1:colcon.colcon_core.environment:checking '/home/tejas/delivery_robot_ws/install/delivery_robot_description/lib/python3.10/site-packages'
[5.432s] Level 1:colcon.colcon_core.environment:checking '/home/tejas/delivery_robot_ws/install/delivery_robot_description/bin'
[5.433s] INFO:colcon.colcon_core.shell:Creating package script '/home/tejas/delivery_robot_ws/install/delivery_robot_description/share/delivery_robot_description/package.ps1'
[5.436s] INFO:colcon.colcon_core.shell:Creating package descriptor '/home/tejas/delivery_robot_ws/install/delivery_robot_description/share/delivery_robot_description/package.dsv'
[5.439s] INFO:colcon.colcon_core.shell:Creating package script '/home/tejas/delivery_robot_ws/install/delivery_robot_description/share/delivery_robot_description/package.sh'
[5.441s] INFO:colcon.colcon_core.shell:Creating package script '/home/tejas/delivery_robot_ws/install/delivery_robot_description/share/delivery_robot_description/package.bash'
[5.443s] INFO:colcon.colcon_core.shell:Creating package script '/home/tejas/delivery_robot_ws/install/delivery_robot_description/share/delivery_robot_description/package.zsh'
[5.445s] Level 1:colcon.colcon_core.environment:create_file_with_runtime_dependencies(/home/tejas/delivery_robot_ws/install/delivery_robot_description/share/colcon-core/packages/delivery_robot_description)
[5.452s] Level 1:colcon.colcon_core.environment:create_environment_scripts_only(delivery_robot_description)
[5.453s] Level 1:colcon.colcon_core.environment:checking '/home/tejas/delivery_robot_ws/install/delivery_robot_description' for CMake module files
[5.454s] Level 1:colcon.colcon_core.environment:checking '/home/tejas/delivery_robot_ws/install/delivery_robot_description' for CMake config files
[5.455s] Level 1:colcon.colcon_core.shell:create_environment_hook('delivery_robot_description', 'cmake_prefix_path')
[5.456s] INFO:colcon.colcon_core.shell:Creating environment hook '/home/tejas/delivery_robot_ws/install/delivery_robot_description/share/delivery_robot_description/hook/cmake_prefix_path.ps1'
[5.459s] INFO:colcon.colcon_core.shell:Creating environment descriptor '/home/tejas/delivery_robot_ws/install/delivery_robot_description/share/delivery_robot_description/hook/cmake_prefix_path.dsv'
[5.462s] INFO:colcon.colcon_core.shell:Creating environment hook '/home/tejas/delivery_robot_ws/install/delivery_robot_description/share/delivery_robot_description/hook/cmake_prefix_path.sh'
[5.463s] Level 1:colcon.colcon_core.environment:checking '/home/tejas/delivery_robot_ws/install/delivery_robot_description/bin'
[5.463s] Level 1:colcon.colcon_core.environment:checking '/home/tejas/delivery_robot_ws/install/delivery_robot_description/lib/pkgconfig/delivery_robot_description.pc'
[5.464s] Level 1:colcon.colcon_core.environment:checking '/home/tejas/delivery_robot_ws/install/delivery_robot_description/lib/python3.10/site-packages'
[5.465s] Level 1:colcon.colcon_core.environment:checking '/home/tejas/delivery_robot_ws/install/delivery_robot_description/bin'
[5.465s] INFO:colcon.colcon_core.shell:Creating package script '/home/tejas/delivery_robot_ws/install/delivery_robot_description/share/delivery_robot_description/package.ps1'
[5.467s] INFO:colcon.colcon_core.shell:Creating package descriptor '/home/tejas/delivery_robot_ws/install/delivery_robot_description/share/delivery_robot_description/package.dsv'
[5.469s] INFO:colcon.colcon_core.shell:Creating package script '/home/tejas/delivery_robot_ws/install/delivery_robot_description/share/delivery_robot_description/package.sh'
[5.471s] INFO:colcon.colcon_core.shell:Creating package script '/home/tejas/delivery_robot_ws/install/delivery_robot_description/share/delivery_robot_description/package.bash'
[5.473s] INFO:colcon.colcon_core.shell:Creating package script '/home/tejas/delivery_robot_ws/install/delivery_robot_description/share/delivery_robot_description/package.zsh'
[5.475s] Level 1:colcon.colcon_core.environment:create_file_with_runtime_dependencies(/home/tejas/delivery_robot_ws/install/delivery_robot_description/share/colcon-core/packages/delivery_robot_description)
[13.424s] DEBUG:colcon.colcon_core.event_handler.log_command:Invoked command in '/home/tejas/delivery_robot_ws/build/delivery_robot_perception' returned '0': CMAKE_PREFIX_PATH=${CMAKE_PREFIX_PATH}:/opt/ros/humble /usr/bin/cmake /home/tejas/delivery_robot_ws/src/delivery_robot_perception -DAMENT_CMAKE_SYMLINK_INSTALL=1 -DCMAKE_INSTALL_PREFIX=/home/tejas/delivery_robot_ws/install/delivery_robot_perception
[13.432s] DEBUG:colcon.colcon_core.event_handler.log_command:Invoking command in '/home/tejas/delivery_robot_ws/build/delivery_robot_perception': CMAKE_PREFIX_PATH=${CMAKE_PREFIX_PATH}:/opt/ros/humble /usr/bin/cmake --build /home/tejas/delivery_robot_ws/build/delivery_robot_perception -- -j4 -l4
[215.601s] DEBUG:colcon.colcon_core.event_handler.log_command:Invoked command in '/home/tejas/delivery_robot_ws/build/delivery_robot_perception' returned '2': CMAKE_PREFIX_PATH=${CMAKE_PREFIX_PATH}:/opt/ros/humble /usr/bin/cmake --build /home/tejas/delivery_robot_ws/build/delivery_robot_perception -- -j4 -l4
[215.603s] Level 1:colcon.colcon_core.environment:create_environment_scripts_only(delivery_robot_perception)
[215.603s] Level 1:colcon.colcon_core.environment:checking '/home/tejas/delivery_robot_ws/install/delivery_robot_perception' for CMake module files
[215.615s] Level 1:colcon.colcon_core.environment:checking '/home/tejas/delivery_robot_ws/install/delivery_robot_perception' for CMake config files
[215.619s] Level 1:colcon.colcon_core.environment:checking '/home/tejas/delivery_robot_ws/install/delivery_robot_perception/bin'
[215.620s] Level 1:colcon.colcon_core.environment:checking '/home/tejas/delivery_robot_ws/install/delivery_robot_perception/lib/pkgconfig/delivery_robot_perception.pc'
[215.621s] Level 1:colcon.colcon_core.environment:checking '/home/tejas/delivery_robot_ws/install/delivery_robot_perception/lib/python3.10/site-packages'
[215.622s] Level 1:colcon.colcon_core.environment:checking '/home/tejas/delivery_robot_ws/install/delivery_robot_perception/bin'
[215.624s] INFO:colcon.colcon_core.shell:Creating package script '/home/tejas/delivery_robot_ws/install/delivery_robot_perception/share/delivery_robot_perception/package.ps1'
[215.626s] INFO:colcon.colcon_core.shell:Creating package descriptor '/home/tejas/delivery_robot_ws/install/delivery_robot_perception/share/delivery_robot_perception/package.dsv'
[215.627s] INFO:colcon.colcon_core.shell:Creating package script '/home/tejas/delivery_robot_ws/install/delivery_robot_perception/share/delivery_robot_perception/package.sh'
[215.629s] INFO:colcon.colcon_core.shell:Creating package script '/home/tejas/delivery_robot_ws/install/delivery_robot_perception/share/delivery_robot_perception/package.bash'
[215.631s] INFO:colcon.colcon_core.shell:Creating package script '/home/tejas/delivery_robot_ws/install/delivery_robot_perception/share/delivery_robot_perception/package.zsh'
[215.633s] Level 1:colcon.colcon_core.environment:create_file_with_runtime_dependencies(/home/tejas/delivery_robot_ws/install/delivery_robot_perception/share/colcon-core/packages/delivery_robot_perception)
[215.646s] DEBUG:colcon.colcon_parallel_executor.executor.parallel:closing loop
[215.647s] DEBUG:colcon.colcon_parallel_executor.executor.parallel:loop closed
[215.647s] DEBUG:colcon.colcon_parallel_executor.executor.parallel:run_until_complete finished with '2'
[215.648s] DEBUG:colcon.colcon_core.event_reactor:joining thread
[215.688s] INFO:colcon.colcon_core.plugin_system:Skipping extension 'colcon_notification.desktop_notification.terminal_notifier': Not used on non-Darwin systems
[215.688s] INFO:colcon.colcon_core.plugin_system:Skipping extension 'colcon_notification.desktop_notification.win32': Not used on non-Windows systems
[215.689s] INFO:colcon.colcon_notification.desktop_notification:Sending desktop notification using 'notify2'
[215.793s] DEBUG:colcon.colcon_core.event_reactor:joined thread
[215.794s] INFO:colcon.colcon_core.shell:Creating prefix script '/home/tejas/delivery_robot_ws/install/local_setup.ps1'
[215.813s] INFO:colcon.colcon_core.shell:Creating prefix util module '/home/tejas/delivery_robot_ws/install/_local_setup_util_ps1.py'
[215.819s] INFO:colcon.colcon_core.shell:Creating prefix chain script '/home/tejas/delivery_robot_ws/install/setup.ps1'
[215.827s] INFO:colcon.colcon_core.shell:Creating prefix script '/home/tejas/delivery_robot_ws/install/local_setup.sh'
[215.835s] INFO:colcon.colcon_core.shell:Creating prefix util module '/home/tejas/delivery_robot_ws/install/_local_setup_util_sh.py'
[215.839s] INFO:colcon.colcon_core.shell:Creating prefix chain script '/home/tejas/delivery_robot_ws/install/setup.sh'
[215.844s] INFO:colcon.colcon_core.shell:Creating prefix script '/home/tejas/delivery_robot_ws/install/local_setup.bash'
[215.850s] INFO:colcon.colcon_core.shell:Creating prefix chain script '/home/tejas/delivery_robot_ws/install/setup.bash'
[215.858s] INFO:colcon.colcon_core.shell:Creating prefix script '/home/tejas/delivery_robot_ws/install/local_setup.zsh'
[215.862s] INFO:colcon.colcon_core.shell:Creating prefix chain script '/home/tejas/delivery_robot_ws/install/setup.zsh'
