-- Found ament_cmake: 1.3.12 (/opt/ros/humble/share/ament_cmake/cmake)
-- Override CMake install command with custom implementation using symlinks instead of copying resources
-- Found ament_lint_auto: 0.12.14 (/opt/ros/humble/share/ament_lint_auto/cmake)
-- Added test 'copyright' to check source files copyright and LICENSE
-- Added test 'flake8' to check Python code syntax and style conventions
-- Added test 'lint_cmake' to check CMake code style
-- Added test 'pep257' to check Python code against some of the docstring style conventions in PEP 257
-- Added test 'xmllint' to check XML markup files
-- Configuring done
-- Generating done
-- Build files have been written to: /home/tejas/delivery_robot_ws/build/delivery_robot_description
-- Install configuration: ""
-- Execute custom install script
-- Symlinking: /home/tejas/delivery_robot_ws/install/delivery_robot_description/share/delivery_robot_description//urdf/delivery_robot.urdf
-- Symlinking: /home/tejas/delivery_robot_ws/install/delivery_robot_description/share/delivery_robot_description//launch/display.launch.py
-- Symlinking: /home/tejas/delivery_robot_ws/install/delivery_robot_description/share/delivery_robot_description//config/ros2_control_config.yaml
-- Symlinking: /home/tejas/delivery_robot_ws/install/delivery_robot_description/share/ament_index/resource_index/package_run_dependencies/delivery_robot_description
-- Symlinking: /home/tejas/delivery_robot_ws/install/delivery_robot_description/share/ament_index/resource_index/parent_prefix_path/delivery_robot_description
-- Symlinking: /home/tejas/delivery_robot_ws/install/delivery_robot_description/share/delivery_robot_description/environment/ament_prefix_path.sh
-- Symlinking: /home/tejas/delivery_robot_ws/install/delivery_robot_description/share/delivery_robot_description/environment/ament_prefix_path.dsv
-- Symlinking: /home/tejas/delivery_robot_ws/install/delivery_robot_description/share/delivery_robot_description/environment/path.sh
-- Symlinking: /home/tejas/delivery_robot_ws/install/delivery_robot_description/share/delivery_robot_description/environment/path.dsv
-- Symlinking: /home/tejas/delivery_robot_ws/install/delivery_robot_description/share/delivery_robot_description/local_setup.bash
-- Symlinking: /home/tejas/delivery_robot_ws/install/delivery_robot_description/share/delivery_robot_description/local_setup.sh
-- Symlinking: /home/tejas/delivery_robot_ws/install/delivery_robot_description/share/delivery_robot_description/local_setup.zsh
-- Symlinking: /home/tejas/delivery_robot_ws/install/delivery_robot_description/share/delivery_robot_description/local_setup.dsv
-- Symlinking: /home/tejas/delivery_robot_ws/install/delivery_robot_description/share/delivery_robot_description/package.dsv
-- Symlinking: /home/tejas/delivery_robot_ws/install/delivery_robot_description/share/ament_index/resource_index/packages/delivery_robot_description
-- Symlinking: /home/tejas/delivery_robot_ws/install/delivery_robot_description/share/delivery_robot_description/cmake/delivery_robot_descriptionConfig.cmake
-- Symlinking: /home/tejas/delivery_robot_ws/install/delivery_robot_description/share/delivery_robot_description/cmake/delivery_robot_descriptionConfig-version.cmake
-- Symlinking: /home/tejas/delivery_robot_ws/install/delivery_robot_description/share/delivery_robot_description/package.xml
