[0.145s] Invoking command in '/home/tejas/delivery_robot_ws/build/delivery_robot_description': CMAKE_PREFIX_PATH=${CMAKE_PREFIX_PATH}:/opt/ros/humble /usr/bin/cmake /home/tejas/delivery_robot_ws/src/delivery_robot_description -DAMENT_CMAKE_SYMLINK_INSTALL=1 -DCMAKE_INSTALL_PREFIX=/home/tejas/delivery_robot_ws/install/delivery_robot_description
[0.465s] -- Found ament_cmake: 1.3.12 (/opt/ros/humble/share/ament_cmake/cmake)
[0.978s] -- Override CMake install command with custom implementation using symlinks instead of copying resources
[1.219s] -- Found ament_lint_auto: 0.12.14 (/opt/ros/humble/share/ament_lint_auto/cmake)
[1.657s] -- Added test 'copyright' to check source files copyright and LICENSE
[1.702s] -- Added test 'flake8' to check Python code syntax and style conventions
[1.705s] -- Added test 'lint_cmake' to check CMake code style
[1.713s] -- Added test 'pep257' to check Python code against some of the docstring style conventions in PEP 257
[1.725s] -- Added test 'xmllint' to check XML markup files
[1.749s] -- Configuring done
[1.839s] -- Generating done
[1.884s] -- Build files have been written to: /home/tejas/delivery_robot_ws/build/delivery_robot_description
[1.923s] Invoked command in '/home/tejas/delivery_robot_ws/build/delivery_robot_description' returned '0': CMAKE_PREFIX_PATH=${CMAKE_PREFIX_PATH}:/opt/ros/humble /usr/bin/cmake /home/tejas/delivery_robot_ws/src/delivery_robot_description -DAMENT_CMAKE_SYMLINK_INSTALL=1 -DCMAKE_INSTALL_PREFIX=/home/tejas/delivery_robot_ws/install/delivery_robot_description
[1.932s] Invoking command in '/home/tejas/delivery_robot_ws/build/delivery_robot_description': CMAKE_PREFIX_PATH=${CMAKE_PREFIX_PATH}:/opt/ros/humble /usr/bin/cmake --build /home/tejas/delivery_robot_ws/build/delivery_robot_description -- -j4 -l4
[2.165s] Invoked command in '/home/tejas/delivery_robot_ws/build/delivery_robot_description' returned '0': CMAKE_PREFIX_PATH=${CMAKE_PREFIX_PATH}:/opt/ros/humble /usr/bin/cmake --build /home/tejas/delivery_robot_ws/build/delivery_robot_description -- -j4 -l4
[2.167s] Invoking command in '/home/tejas/delivery_robot_ws/build/delivery_robot_description': CMAKE_PREFIX_PATH=${CMAKE_PREFIX_PATH}:/opt/ros/humble /usr/bin/cmake --install /home/tejas/delivery_robot_ws/build/delivery_robot_description
[2.197s] -- Install configuration: ""
[2.205s] -- Execute custom install script
[2.208s] -- Symlinking: /home/tejas/delivery_robot_ws/install/delivery_robot_description/share/delivery_robot_description//urdf/delivery_robot.urdf
[2.254s] -- Symlinking: /home/tejas/delivery_robot_ws/install/delivery_robot_description/share/delivery_robot_description//launch/display.launch.py
[2.323s] -- Symlinking: /home/tejas/delivery_robot_ws/install/delivery_robot_description/share/delivery_robot_description//config/ros2_control_config.yaml
[2.366s] -- Symlinking: /home/tejas/delivery_robot_ws/install/delivery_robot_description/share/ament_index/resource_index/package_run_dependencies/delivery_robot_description
[2.400s] -- Symlinking: /home/tejas/delivery_robot_ws/install/delivery_robot_description/share/ament_index/resource_index/parent_prefix_path/delivery_robot_description
[2.444s] -- Symlinking: /home/tejas/delivery_robot_ws/install/delivery_robot_description/share/delivery_robot_description/environment/ament_prefix_path.sh
[2.483s] -- Symlinking: /home/tejas/delivery_robot_ws/install/delivery_robot_description/share/delivery_robot_description/environment/ament_prefix_path.dsv
[2.518s] -- Symlinking: /home/tejas/delivery_robot_ws/install/delivery_robot_description/share/delivery_robot_description/environment/path.sh
[2.562s] -- Symlinking: /home/tejas/delivery_robot_ws/install/delivery_robot_description/share/delivery_robot_description/environment/path.dsv
[2.609s] -- Symlinking: /home/tejas/delivery_robot_ws/install/delivery_robot_description/share/delivery_robot_description/local_setup.bash
[2.647s] -- Symlinking: /home/tejas/delivery_robot_ws/install/delivery_robot_description/share/delivery_robot_description/local_setup.sh
[2.693s] -- Symlinking: /home/tejas/delivery_robot_ws/install/delivery_robot_description/share/delivery_robot_description/local_setup.zsh
[2.723s] -- Symlinking: /home/tejas/delivery_robot_ws/install/delivery_robot_description/share/delivery_robot_description/local_setup.dsv
[2.762s] -- Symlinking: /home/tejas/delivery_robot_ws/install/delivery_robot_description/share/delivery_robot_description/package.dsv
[2.799s] -- Symlinking: /home/tejas/delivery_robot_ws/install/delivery_robot_description/share/ament_index/resource_index/packages/delivery_robot_description
[2.830s] -- Symlinking: /home/tejas/delivery_robot_ws/install/delivery_robot_description/share/delivery_robot_description/cmake/delivery_robot_descriptionConfig.cmake
[2.858s] -- Symlinking: /home/tejas/delivery_robot_ws/install/delivery_robot_description/share/delivery_robot_description/cmake/delivery_robot_descriptionConfig-version.cmake
[2.898s] -- Symlinking: /home/tejas/delivery_robot_ws/install/delivery_robot_description/share/delivery_robot_description/package.xml
[2.971s] Invoked command in '/home/tejas/delivery_robot_ws/build/delivery_robot_description' returned '0': CMAKE_PREFIX_PATH=${CMAKE_PREFIX_PATH}:/opt/ros/humble /usr/bin/cmake --install /home/tejas/delivery_robot_ws/build/delivery_robot_description
