[0.071s] Invoking command in '/home/tejas/delivery_robot_ws/build/delivery_robot_description': CMAKE_PREFIX_PATH=${CMAKE_PREFIX_PATH}:/opt/ros/humble /usr/bin/cmake /home/tejas/delivery_robot_ws/src/delivery_robot_description -DCMAKE_INSTALL_PREFIX=/home/tejas/delivery_robot_ws/install/delivery_robot_description
[0.229s] -- The C compiler identification is GNU 11.4.0
[0.375s] -- The CXX compiler identification is GNU 11.4.0
[0.389s] -- Detecting C compiler ABI info
[0.605s] -- Detecting C compiler ABI info - done
[0.621s] -- Check for working C compiler: /usr/bin/cc - skipped
[0.621s] -- Detecting C compile features
[0.634s] -- Detecting C compile features - done
[0.635s] -- Detecting CXX compiler ABI info
[0.861s] -- Detecting CXX compiler ABI info - done
[0.884s] -- Check for working CXX compiler: /usr/bin/c++ - skipped
[0.884s] -- Detecting CXX compile features
[0.884s] -- Detecting CXX compile features - done
[0.902s] -- Found ament_cmake: 1.3.12 (/opt/ros/humble/share/ament_cmake/cmake)
[1.213s] -- Found Python3: /usr/bin/python3 (found version "3.10.12") found components: Interpreter 
[1.396s] -- Found ament_lint_auto: 0.12.14 (/opt/ros/humble/share/ament_lint_auto/cmake)
[1.554s] -- Added test 'copyright' to check source files copyright and LICENSE
[1.560s] -- Added test 'flake8' to check Python code syntax and style conventions
[1.561s] -- Added test 'lint_cmake' to check CMake code style
[1.561s] -- Added test 'pep257' to check Python code against some of the docstring style conventions in PEP 257
[1.565s] -- Added test 'xmllint' to check XML markup files
[1.567s] -- Configuring done
[1.574s] -- Generating done
[1.578s] -- Build files have been written to: /home/tejas/delivery_robot_ws/build/delivery_robot_description
[1.588s] Invoked command in '/home/tejas/delivery_robot_ws/build/delivery_robot_description' returned '0': CMAKE_PREFIX_PATH=${CMAKE_PREFIX_PATH}:/opt/ros/humble /usr/bin/cmake /home/tejas/delivery_robot_ws/src/delivery_robot_description -DCMAKE_INSTALL_PREFIX=/home/tejas/delivery_robot_ws/install/delivery_robot_description
[1.589s] Invoking command in '/home/tejas/delivery_robot_ws/build/delivery_robot_description': CMAKE_PREFIX_PATH=${CMAKE_PREFIX_PATH}:/opt/ros/humble /usr/bin/cmake --build /home/tejas/delivery_robot_ws/build/delivery_robot_description -- -j4 -l4
[1.709s] Invoked command in '/home/tejas/delivery_robot_ws/build/delivery_robot_description' returned '0': CMAKE_PREFIX_PATH=${CMAKE_PREFIX_PATH}:/opt/ros/humble /usr/bin/cmake --build /home/tejas/delivery_robot_ws/build/delivery_robot_description -- -j4 -l4
[1.712s] Invoking command in '/home/tejas/delivery_robot_ws/build/delivery_robot_description': CMAKE_PREFIX_PATH=${CMAKE_PREFIX_PATH}:/opt/ros/humble /usr/bin/cmake --install /home/tejas/delivery_robot_ws/build/delivery_robot_description
[1.729s] -- Install configuration: ""
[1.729s] -- Installing: /home/tejas/delivery_robot_ws/install/delivery_robot_description/share/delivery_robot_description//urdf
[1.729s] -- Installing: /home/tejas/delivery_robot_ws/install/delivery_robot_description/share/delivery_robot_description//urdf/delivery_robot.urdf
[1.734s] -- Installing: /home/tejas/delivery_robot_ws/install/delivery_robot_description/share/delivery_robot_description//meshes
[1.734s] -- Installing: /home/tejas/delivery_robot_ws/install/delivery_robot_description/share/delivery_robot_description//launch
[1.734s] -- Installing: /home/tejas/delivery_robot_ws/install/delivery_robot_description/share/delivery_robot_description//launch/display.launch.py
[1.734s] -- Installing: /home/tejas/delivery_robot_ws/install/delivery_robot_description/share/delivery_robot_description//config
[1.734s] -- Installing: /home/tejas/delivery_robot_ws/install/delivery_robot_description/share/delivery_robot_description//config/ros2_control_config.yaml
[1.734s] -- Installing: /home/tejas/delivery_robot_ws/install/delivery_robot_description/share/ament_index/resource_index/package_run_dependencies/delivery_robot_description
[1.737s] -- Installing: /home/tejas/delivery_robot_ws/install/delivery_robot_description/share/ament_index/resource_index/parent_prefix_path/delivery_robot_description
[1.737s] -- Installing: /home/tejas/delivery_robot_ws/install/delivery_robot_description/share/delivery_robot_description/environment/ament_prefix_path.sh
[1.737s] -- Installing: /home/tejas/delivery_robot_ws/install/delivery_robot_description/share/delivery_robot_description/environment/ament_prefix_path.dsv
[1.737s] -- Installing: /home/tejas/delivery_robot_ws/install/delivery_robot_description/share/delivery_robot_description/environment/path.sh
[1.737s] -- Installing: /home/tejas/delivery_robot_ws/install/delivery_robot_description/share/delivery_robot_description/environment/path.dsv
[1.737s] -- Installing: /home/tejas/delivery_robot_ws/install/delivery_robot_description/share/delivery_robot_description/local_setup.bash
[1.737s] -- Installing: /home/tejas/delivery_robot_ws/install/delivery_robot_description/share/delivery_robot_description/local_setup.sh
[1.737s] -- Installing: /home/tejas/delivery_robot_ws/install/delivery_robot_description/share/delivery_robot_description/local_setup.zsh
[1.742s] -- Installing: /home/tejas/delivery_robot_ws/install/delivery_robot_description/share/delivery_robot_description/local_setup.dsv
[1.742s] -- Installing: /home/tejas/delivery_robot_ws/install/delivery_robot_description/share/delivery_robot_description/package.dsv
[1.743s] -- Installing: /home/tejas/delivery_robot_ws/install/delivery_robot_description/share/ament_index/resource_index/packages/delivery_robot_description
[1.743s] -- Installing: /home/tejas/delivery_robot_ws/install/delivery_robot_description/share/delivery_robot_description/cmake/delivery_robot_descriptionConfig.cmake
[1.743s] -- Installing: /home/tejas/delivery_robot_ws/install/delivery_robot_description/share/delivery_robot_description/cmake/delivery_robot_descriptionConfig-version.cmake
[1.743s] -- Installing: /home/tejas/delivery_robot_ws/install/delivery_robot_description/share/delivery_robot_description/package.xml
[1.793s] Invoked command in '/home/tejas/delivery_robot_ws/build/delivery_robot_description' returned '0': CMAKE_PREFIX_PATH=${CMAKE_PREFIX_PATH}:/opt/ros/humble /usr/bin/cmake --install /home/tejas/delivery_robot_ws/build/delivery_robot_description
