-- Found ament_cmake: 1.3.12 (/opt/ros/humble/share/ament_cmake/cmake)
-- Override CMake install command with custom implementation using symlinks instead of copying resources
-- Found ament_lint_auto: 0.12.14 (/opt/ros/humble/share/ament_lint_auto/cmake)
-- Added test 'flake8' to check Python code syntax and style conventions
-- Added test 'lint_cmake' to check CMake code style
-- Added test 'pep257' to check Python code against some of the docstring style conventions in PEP 257
-- Added test 'xmllint' to check XML markup files
-- Configuring done
-- Generating done
-- Build files have been written to: /home/tejas/delivery_robot_ws/build/delivery_robot_navigation
-- Install configuration: ""
-- Execute custom install script
-- Symlinking: /home/tejas/delivery_robot_ws/install/delivery_robot_navigation/share/ament_index/resource_index/package_run_dependencies/delivery_robot_navigation
-- Symlinking: /home/tejas/delivery_robot_ws/install/delivery_robot_navigation/share/ament_index/resource_index/parent_prefix_path/delivery_robot_navigation
-- Symlinking: /home/tejas/delivery_robot_ws/install/delivery_robot_navigation/share/delivery_robot_navigation/environment/ament_prefix_path.sh
-- Symlinking: /home/tejas/delivery_robot_ws/install/delivery_robot_navigation/share/delivery_robot_navigation/environment/ament_prefix_path.dsv
-- Symlinking: /home/tejas/delivery_robot_ws/install/delivery_robot_navigation/share/delivery_robot_navigation/environment/path.sh
-- Symlinking: /home/tejas/delivery_robot_ws/install/delivery_robot_navigation/share/delivery_robot_navigation/environment/path.dsv
-- Symlinking: /home/tejas/delivery_robot_ws/install/delivery_robot_navigation/share/delivery_robot_navigation/local_setup.bash
-- Symlinking: /home/tejas/delivery_robot_ws/install/delivery_robot_navigation/share/delivery_robot_navigation/local_setup.sh
-- Symlinking: /home/tejas/delivery_robot_ws/install/delivery_robot_navigation/share/delivery_robot_navigation/local_setup.zsh
-- Symlinking: /home/tejas/delivery_robot_ws/install/delivery_robot_navigation/share/delivery_robot_navigation/local_setup.dsv
-- Symlinking: /home/tejas/delivery_robot_ws/install/delivery_robot_navigation/share/delivery_robot_navigation/package.dsv
-- Symlinking: /home/tejas/delivery_robot_ws/install/delivery_robot_navigation/share/ament_index/resource_index/packages/delivery_robot_navigation
-- Symlinking: /home/tejas/delivery_robot_ws/install/delivery_robot_navigation/share/delivery_robot_navigation/cmake/delivery_robot_navigationConfig.cmake
-- Symlinking: /home/tejas/delivery_robot_ws/install/delivery_robot_navigation/share/delivery_robot_navigation/cmake/delivery_robot_navigationConfig-version.cmake
-- Symlinking: /home/tejas/delivery_robot_ws/install/delivery_robot_navigation/share/delivery_robot_navigation/package.xml
