[0.146s] Invoking command in '/home/tejas/delivery_robot_ws/build/delivery_robot_navigation': CMAKE_PREFIX_PATH=${CMAKE_PREFIX_PATH}:/opt/ros/humble /usr/bin/cmake /home/tejas/delivery_robot_ws/src/delivery_robot_navigation -DAMENT_CMAKE_SYMLINK_INSTALL=1 -DCMAKE_INSTALL_PREFIX=/home/tejas/delivery_robot_ws/install/delivery_robot_navigation
[0.443s] -- Found ament_cmake: 1.3.12 (/opt/ros/humble/share/ament_cmake/cmake)
[0.959s] -- Override CMake install command with custom implementation using symlinks instead of copying resources
[1.198s] -- Found ament_lint_auto: 0.12.14 (/opt/ros/humble/share/ament_lint_auto/cmake)
[1.694s] -- Added test 'flake8' to check Python code syntax and style conventions
[1.695s] -- Added test 'lint_cmake' to check CMake code style
[1.701s] -- Added test 'pep257' to check Python code against some of the docstring style conventions in PEP 257
[1.703s] -- Added test 'xmllint' to check XML markup files
[1.729s] -- Configuring done
[1.844s] -- Generating done
[1.864s] -- Build files have been written to: /home/tejas/delivery_robot_ws/build/delivery_robot_navigation
[1.882s] Invoked command in '/home/tejas/delivery_robot_ws/build/delivery_robot_navigation' returned '0': CMAKE_PREFIX_PATH=${CMAKE_PREFIX_PATH}:/opt/ros/humble /usr/bin/cmake /home/tejas/delivery_robot_ws/src/delivery_robot_navigation -DAMENT_CMAKE_SYMLINK_INSTALL=1 -DCMAKE_INSTALL_PREFIX=/home/tejas/delivery_robot_ws/install/delivery_robot_navigation
[1.889s] Invoking command in '/home/tejas/delivery_robot_ws/build/delivery_robot_navigation': CMAKE_PREFIX_PATH=${CMAKE_PREFIX_PATH}:/opt/ros/humble /usr/bin/cmake --build /home/tejas/delivery_robot_ws/build/delivery_robot_navigation -- -j4 -l4
[2.078s] Invoked command in '/home/tejas/delivery_robot_ws/build/delivery_robot_navigation' returned '0': CMAKE_PREFIX_PATH=${CMAKE_PREFIX_PATH}:/opt/ros/humble /usr/bin/cmake --build /home/tejas/delivery_robot_ws/build/delivery_robot_navigation -- -j4 -l4
[2.133s] Invoking command in '/home/tejas/delivery_robot_ws/build/delivery_robot_navigation': CMAKE_PREFIX_PATH=${CMAKE_PREFIX_PATH}:/opt/ros/humble /usr/bin/cmake --install /home/tejas/delivery_robot_ws/build/delivery_robot_navigation
[2.162s] -- Install configuration: ""
[2.169s] -- Execute custom install script
[2.180s] -- Symlinking: /home/tejas/delivery_robot_ws/install/delivery_robot_navigation/share/ament_index/resource_index/package_run_dependencies/delivery_robot_navigation
[2.220s] -- Symlinking: /home/tejas/delivery_robot_ws/install/delivery_robot_navigation/share/ament_index/resource_index/parent_prefix_path/delivery_robot_navigation
[2.264s] -- Symlinking: /home/tejas/delivery_robot_ws/install/delivery_robot_navigation/share/delivery_robot_navigation/environment/ament_prefix_path.sh
[2.309s] -- Symlinking: /home/tejas/delivery_robot_ws/install/delivery_robot_navigation/share/delivery_robot_navigation/environment/ament_prefix_path.dsv
[2.341s] -- Symlinking: /home/tejas/delivery_robot_ws/install/delivery_robot_navigation/share/delivery_robot_navigation/environment/path.sh
[2.381s] -- Symlinking: /home/tejas/delivery_robot_ws/install/delivery_robot_navigation/share/delivery_robot_navigation/environment/path.dsv
[2.447s] -- Symlinking: /home/tejas/delivery_robot_ws/install/delivery_robot_navigation/share/delivery_robot_navigation/local_setup.bash
[2.487s] -- Symlinking: /home/tejas/delivery_robot_ws/install/delivery_robot_navigation/share/delivery_robot_navigation/local_setup.sh
[2.548s] -- Symlinking: /home/tejas/delivery_robot_ws/install/delivery_robot_navigation/share/delivery_robot_navigation/local_setup.zsh
[2.590s] -- Symlinking: /home/tejas/delivery_robot_ws/install/delivery_robot_navigation/share/delivery_robot_navigation/local_setup.dsv
[2.627s] -- Symlinking: /home/tejas/delivery_robot_ws/install/delivery_robot_navigation/share/delivery_robot_navigation/package.dsv
[2.663s] -- Symlinking: /home/tejas/delivery_robot_ws/install/delivery_robot_navigation/share/ament_index/resource_index/packages/delivery_robot_navigation
[2.699s] -- Symlinking: /home/tejas/delivery_robot_ws/install/delivery_robot_navigation/share/delivery_robot_navigation/cmake/delivery_robot_navigationConfig.cmake
[2.736s] -- Symlinking: /home/tejas/delivery_robot_ws/install/delivery_robot_navigation/share/delivery_robot_navigation/cmake/delivery_robot_navigationConfig-version.cmake
[2.767s] -- Symlinking: /home/tejas/delivery_robot_ws/install/delivery_robot_navigation/share/delivery_robot_navigation/package.xml
[2.806s] Invoked command in '/home/tejas/delivery_robot_ws/build/delivery_robot_navigation' returned '0': CMAKE_PREFIX_PATH=${CMAKE_PREFIX_PATH}:/opt/ros/humble /usr/bin/cmake --install /home/tejas/delivery_robot_ws/build/delivery_robot_navigation
